<?xml version="1.0" encoding="UTF-8"?>
<testsuite xmlns:xsi="http://www.w3.org/2001/XMLSchema-instance" xsi:noNamespaceSchemaLocation="https://maven.apache.org/surefire/maven-surefire-plugin/xsd/surefire-test-report-3.0.xsd" version="3.0" name="com.management.ProfileManagementApplicationTests" time="18.056" tests="1" errors="0" skipped="0" failures="0">
  <properties>
[...]
</properties>
  <testcase name="contextLoads" classname="com.management.ProfileManagementApplicationTests" time="3.559">
    <system-out><![CDATA[19:47:54.166 [main] INFO org.springframework.test.context.support.AnnotationConfigContextLoaderUtils -- Could not detect default configuration classes for test class [com.management.ProfileManagementApplicationTests]: ProfileManagementApplicationTests does not declare any static, non-private, non-final, nested classes annotated with @Configuration.
19:47:54.637 [main] INFO org.springframework.boot.test.context.SpringBootTestContextBootstrapper -- Found @SpringBootConfiguration com.management.ProfileManagementApplication for test class com.management.ProfileManagementApplicationTests

  .   ____          _            __ _ _
 /\\ / ___'_ __ _ _(_)_ __  __ _ \ \ \ \
( ( )\___ | '_ | '_| | '_ \/ _` | \ \ \ \
 \\/  ___)| |_)| | | | | || (_| |  ) ) ) )
  '  |____| .__|_| |_|_| |_\__, | / / / /
 =========|_|==============|___/=/_/_/_/
 :: Spring Boot ::                (v3.1.1)

2023-07-20T19:47:57.281+03:00  INFO 14176 --- [           main] c.m.ProfileManagementApplicationTests    : Starting ProfileManagementApplicationTests using Java 20.0.1 with PID 14176 (started by User in C:\Users\User\Desktop\ProfileManagement)
2023-07-20T19:47:57.284+03:00  INFO 14176 --- [           main] c.m.ProfileManagementApplicationTests    : No active profile set, falling back to 1 default profile: "default"
2023-07-20T19:47:59.263+03:00  INFO 14176 --- [           main] .s.d.r.c.RepositoryConfigurationDelegate : Bootstrapping Spring Data MongoDB repositories in DEFAULT mode.
2023-07-20T19:47:59.377+03:00  INFO 14176 --- [           main] .s.d.r.c.RepositoryConfigurationDelegate : Finished Spring Data repository scanning in 102 ms. Found 3 MongoDB repository interfaces.
2023-07-20T19:48:04.410+03:00  INFO 14176 --- [           main] org.mongodb.driver.client                : MongoClient with metadata {"driver": {"name": "mongo-java-driver|sync|spring-boot", "version": "4.9.1"}, "os": {"type": "Windows", "name": "Windows 10", "architecture": "amd64", "version": "10.0"}, "platform": "Java/Oracle Corporation/20.0.1+9-29"} created with settings MongoClientSettings{readPreference=primary, writeConcern=WriteConcern{w=majority, wTimeout=null ms, journal=null}, retryWrites=true, retryReads=true, readConcern=ReadConcern{level=null}, credential=MongoCredential{mechanism=null, userName='e-rental', source='admin', password=<hidden>, mechanismProperties=<hidden>}, streamFactoryFactory=null, commandListeners=[], codecRegistry=ProvidersCodecRegistry{codecProviders=[ValueCodecProvider{}, BsonValueCodecProvider{}, DBRefCodecProvider{}, DBObjectCodecProvider{}, DocumentCodecProvider{}, CollectionCodecProvider{}, IterableCodecProvider{}, MapCodecProvider{}, GeoJsonCodecProvider{}, GridFSFileCodecProvider{}, Jsr310CodecProvider{}, JsonObjectCodecProvider{}, BsonCodecProvider{}, EnumCodecProvider{}, com.mongodb.client.model.mql.ExpressionCodecProvider@62a68bcb, com.mongodb.Jep395RecordCodecProvider@18b74ea]}, loggerSettings=LoggerSettings{maxDocumentLength=1000}, clusterSettings={hosts=[127.0.0.1:27017], srvHost=cluster0.xo6vrrf.mongodb.net, srvServiceName=mongodb, mode=MULTIPLE, requiredClusterType=REPLICA_SET, requiredReplicaSetName='atlas-hy06hr-shard-0', serverSelector='null', clusterListeners='[]', serverSelectionTimeout='30000 ms', localThreshold='30000 ms'}, socketSettings=SocketSettings{connectTimeoutMS=10000, readTimeoutMS=0, receiveBufferSize=0, sendBufferSize=0}, heartbeatSocketSettings=SocketSettings{connectTimeoutMS=10000, readTimeoutMS=10000, receiveBufferSize=0, sendBufferSize=0}, connectionPoolSettings=ConnectionPoolSettings{maxSize=100, minSize=0, maxWaitTimeMS=120000, maxConnectionLifeTimeMS=0, maxConnectionIdleTimeMS=0, maintenanceInitialDelayMS=0, maintenanceFrequencyMS=60000, connectionPoolListeners=[], maxConnecting=2}, serverSettings=ServerSettings{heartbeatFrequencyMS=10000, minHeartbeatFrequencyMS=500, serverListeners='[]', serverMonitorListeners='[]'}, sslSettings=SslSettings{enabled=true, invalidHostNameAllowed=false, context=null}, applicationName='null', compressorList=[], uuidRepresentation=JAVA_LEGACY, serverApi=null, autoEncryptionSettings=null, contextProvider=null}
2023-07-20T19:48:04.482+03:00  INFO 14176 --- [rrf.mongodb.net] org.mongodb.driver.cluster               : Adding discovered server ac-ynmrpt0-shard-00-00.xo6vrrf.mongodb.net:27017 to client view of cluster
2023-07-20T19:48:04.524+03:00  INFO 14176 --- [rrf.mongodb.net] org.mongodb.driver.cluster               : Adding discovered server ac-ynmrpt0-shard-00-01.xo6vrrf.mongodb.net:27017 to client view of cluster
2023-07-20T19:48:04.525+03:00  INFO 14176 --- [rrf.mongodb.net] org.mongodb.driver.cluster               : Adding discovered server ac-ynmrpt0-shard-00-02.xo6vrrf.mongodb.net:27017 to client view of cluster
2023-07-20T19:48:06.477+03:00  INFO 14176 --- [ngodb.net:27017] org.mongodb.driver.cluster               : Monitor thread successfully connected to server with description ServerDescription{address=ac-ynmrpt0-shard-00-02.xo6vrrf.mongodb.net:27017, type=REPLICA_SET_PRIMARY, state=CONNECTED, ok=true, minWireVersion=0, maxWireVersion=17, maxDocumentSize=16777216, logicalSessionTimeoutMinutes=30, roundTripTimeNanos=1037802900, setName='atlas-hy06hr-shard-0', canonicalAddress=ac-ynmrpt0-shard-00-02.xo6vrrf.mongodb.net:27017, hosts=[ac-ynmrpt0-shard-00-01.xo6vrrf.mongodb.net:27017, ac-ynmrpt0-shard-00-02.xo6vrrf.mongodb.net:27017, ac-ynmrpt0-shard-00-00.xo6vrrf.mongodb.net:27017], passives=[], arbiters=[], primary='ac-ynmrpt0-shard-00-02.xo6vrrf.mongodb.net:27017', tagSet=TagSet{[Tag{name='nodeType', value='ELECTABLE'}, Tag{name='provider', value='AWS'}, Tag{name='region', value='AF_SOUTH_1'}, Tag{name='workloadType', value='OPERATIONAL'}]}, electionId=7fffffff0000000000000022, setVersion=1, topologyVersion=TopologyVersion{processId=64b6235c12ac0a73bd1f6458, counter=6}, lastWriteDate=Thu Jul 20 19:48:07 EAT 2023, lastUpdateTimeNanos=55487393749900}
2023-07-20T19:48:06.486+03:00  INFO 14176 --- [ngodb.net:27017] org.mongodb.driver.cluster               : Discovered replica set primary ac-ynmrpt0-shard-00-02.xo6vrrf.mongodb.net:27017 with max election id 7fffffff0000000000000022 and max set version 1
2023-07-20T19:48:06.517+03:00  INFO 14176 --- [ngodb.net:27017] org.mongodb.driver.cluster               : Monitor thread successfully connected to server with description ServerDescription{address=ac-ynmrpt0-shard-00-01.xo6vrrf.mongodb.net:27017, type=REPLICA_SET_SECONDARY, state=CONNECTED, ok=true, minWireVersion=0, maxWireVersion=17, maxDocumentSize=16777216, logicalSessionTimeoutMinutes=30, roundTripTimeNanos=1098175400, setName='atlas-hy06hr-shard-0', canonicalAddress=ac-ynmrpt0-shard-00-01.xo6vrrf.mongodb.net:27017, hosts=[ac-ynmrpt0-shard-00-01.xo6vrrf.mongodb.net:27017, ac-ynmrpt0-shard-00-02.xo6vrrf.mongodb.net:27017, ac-ynmrpt0-shard-00-00.xo6vrrf.mongodb.net:27017], passives=[], arbiters=[], primary='ac-ynmrpt0-shard-00-02.xo6vrrf.mongodb.net:27017', tagSet=TagSet{[Tag{name='nodeType', value='ELECTABLE'}, Tag{name='provider', value='AWS'}, Tag{name='region', value='AF_SOUTH_1'}, Tag{name='workloadType', value='OPERATIONAL'}]}, electionId=null, setVersion=1, topologyVersion=TopologyVersion{processId=64b6255d1cf4e2c5522c62f4, counter=3}, lastWriteDate=Thu Jul 20 19:48:07 EAT 2023, lastUpdateTimeNanos=55487454122500}
2023-07-20T19:48:06.897+03:00  INFO 14176 --- [ngodb.net:27017] org.mongodb.driver.cluster               : Monitor thread successfully connected to server with description ServerDescription{address=ac-ynmrpt0-shard-00-00.xo6vrrf.mongodb.net:27017, type=REPLICA_SET_SECONDARY, state=CONNECTED, ok=true, minWireVersion=0, maxWireVersion=17, maxDocumentSize=16777216, logicalSessionTimeoutMinutes=30, roundTripTimeNanos=1585732300, setName='atlas-hy06hr-shard-0', canonicalAddress=ac-ynmrpt0-shard-00-00.xo6vrrf.mongodb.net:27017, hosts=[ac-ynmrpt0-shard-00-01.xo6vrrf.mongodb.net:27017, ac-ynmrpt0-shard-00-02.xo6vrrf.mongodb.net:27017, ac-ynmrpt0-shard-00-00.xo6vrrf.mongodb.net:27017], passives=[], arbiters=[], primary='ac-ynmrpt0-shard-00-02.xo6vrrf.mongodb.net:27017', tagSet=TagSet{[Tag{name='nodeType', value='ELECTABLE'}, Tag{name='provider', value='AWS'}, Tag{name='region', value='AF_SOUTH_1'}, Tag{name='workloadType', value='OPERATIONAL'}]}, electionId=null, setVersion=1, topologyVersion=TopologyVersion{processId=64b6219e786ab4c31eb333ed, counter=4}, lastWriteDate=Thu Jul 20 19:48:08 EAT 2023, lastUpdateTimeNanos=55487835642900}
2023-07-20T19:48:07.850+03:00  INFO 14176 --- [           main] c.m.ProfileManagementApplicationTests    : Started ProfileManagementApplicationTests in 12.557 seconds (process running for 16.152)
]]></system-out>
  </testcase>
</testsuite>